  Evaluator.cpp
c:\users\aliks\documents\github\pwr\sem3\tep-cpp\zad6miniproj\agchallengepubl\agchallenge\evaluator.h(9): fatal error C1083: Nie można otworzyć pliku dołącz: 'atlstr.h': No such file or directory
  fitness.cpp
c:\users\aliks\documents\github\pwr\sem3\tep-cpp\zad6miniproj\agchallengepubl\agchallenge\fitness.h(9): fatal error C1083: Nie można otworzyć pliku dołącz: 'atlstr.h': No such file or directory
  GeneticAlgorithm.cpp
c:\users\aliks\documents\github\pwr\sem3\tep-cpp\zad6miniproj\agchallengepubl\agchallenge\evaluator.h(9): fatal error C1083: Nie można otworzyć pliku dołącz: 'atlstr.h': No such file or directory
  GeneticAlgorithmTwo.cpp
c:\users\aliks\documents\github\pwr\sem3\tep-cpp\zad6miniproj\agchallengepubl\agchallenge\evaluator.h(9): fatal error C1083: Nie można otworzyć pliku dołącz: 'atlstr.h': No such file or directory
  list.cpp
c:\users\aliks\documents\github\pwr\sem3\tep-cpp\zad6miniproj\agchallengepubl\agchallenge\list.cpp(2): fatal error C1083: Nie można otworzyć pliku dołącz: 'atlstr.h': No such file or directory
  Main.cpp
c:\users\aliks\documents\github\pwr\sem3\tep-cpp\zad6miniproj\agchallengepubl\agchallenge\evaluator.h(9): fatal error C1083: Nie można otworzyć pliku dołącz: 'atlstr.h': No such file or directory
  MyEvaluator.cpp
c:\users\aliks\documents\github\pwr\sem3\tep-cpp\zad6miniproj\agchallengepubl\agchallenge\evaluator.h(9): fatal error C1083: Nie można otworzyć pliku dołącz: 'atlstr.h': No such file or directory
  MyMath.cpp
c:\users\aliks\documents\github\pwr\sem3\tep-cpp\zad6miniproj\agchallengepubl\agchallenge\mymath.h(2): fatal error C1083: Nie można otworzyć pliku dołącz: 'atlstr.h': No such file or directory
  NETsimulator.cpp
c:\users\aliks\documents\github\pwr\sem3\tep-cpp\zad6miniproj\agchallengepubl\agchallenge\netsimulator.h(5): fatal error C1083: Nie można otworzyć pliku dołącz: 'atlstr.h': No such file or directory
  Population.cpp
c:\users\aliks\documents\github\pwr\sem3\tep-cpp\zad6miniproj\agchallengepubl\agchallenge\evaluator.h(9): fatal error C1083: Nie można otworzyć pliku dołącz: 'atlstr.h': No such file or directory
  Specimen.cpp
c:\users\aliks\documents\github\pwr\sem3\tep-cpp\zad6miniproj\agchallengepubl\agchallenge\evaluator.h(9): fatal error C1083: Nie można otworzyć pliku dołącz: 'atlstr.h': No such file or directory
  Optimizer.cpp
c:\users\aliks\documents\github\pwr\sem3\tep-cpp\zad6miniproj\agchallengepubl\agchallenge\evaluator.h(9): fatal error C1083: Nie można otworzyć pliku dołącz: 'atlstr.h': No such file or directory
  Timer.cpp
c:\users\aliks\documents\github\pwr\sem3\tep-cpp\zad6miniproj\agchallengepubl\agchallenge\timer.h(2): fatal error C1083: Nie można otworzyć pliku dołącz: 'atlstr.h': No such file or directory
  Tools.cpp
c:\users\aliks\documents\github\pwr\sem3\tep-cpp\zad6miniproj\agchallengepubl\agchallenge\tools.h(2): fatal error C1083: Nie można otworzyć pliku dołącz: 'atlstr.h': No such file or directory
  Generowanie kodu...
